<?xml version="1.0" encoding="UTF-8" ?>
<testsuite errors="0" failures="1" hostname="PGCAM26825" name="co.edu.poli.testing.test.TestFunction" skipped="0" tests="3" time="0.234" timestamp="2022-09-23T03:51:16">
  <properties>
[...]
</properties>
  <testcase classname="co.edu.poli.testing.test.TestFunction" name="test1" time="0.019" />
  <testcase classname="co.edu.poli.testing.test.TestFunction" name="test2" time="0.01">
    <failure message="No cumple poscondicion" type="junit.framework.AssertionFailedError">junit.framework.AssertionFailedError: No cumple poscondicion
	at co.edu.poli.testing.model.Function.facto(Function.java:24)
	at co.edu.poli.testing.test.TestFunction.test2(TestFunction.java:22)
	at java.base/jdk.internal.reflect.NativeMethodAccessorImpl.invoke0(Native Method)
	at java.base/jdk.internal.reflect.NativeMethodAccessorImpl.invoke(NativeMethodAccessorImpl.java:64)
	at java.base/jdk.internal.reflect.DelegatingMethodAccessorImpl.invoke(DelegatingMethodAccessorImpl.java:43)
</failure>
  </testcase>
  <testcase classname="co.edu.poli.testing.test.TestFunction" name="test3" time="0.014" />
  <system-out><![CDATA[]]></system-out>
  <system-err><![CDATA[]]></system-err>
</testsuite>
